<?xml version="1.0" encoding="UTF-8"?>
<testng-results ignored="0" total="2" passed="2" failed="0" skipped="0">
  <reporter-output>
  </reporter-output>
  <suite started-at="2023-07-19T17:48:20 IST" name="Suite" finished-at="2023-07-19T17:48:35 IST" duration-ms="14993">
    <groups>
    </groups>
    <test started-at="2023-07-19T17:48:20 IST" name="Test" finished-at="2023-07-19T17:48:35 IST" duration-ms="14993">
      <class name="TestCases.herokuapp">
        <test-method signature="testBrokenImages()[pri:1, instance:TestCases.herokuapp@45b4c3a9]" started-at="2023-07-19T17:48:20 IST" name="testBrokenImages" finished-at="2023-07-19T17:48:30 IST" duration-ms="9477" status="PASS">
          <reporter-output>
          </reporter-output>
        </test-method> <!-- testBrokenImages -->
        <test-method signature="uploadingAnyFile()[pri:2, instance:TestCases.herokuapp@45b4c3a9]" started-at="2023-07-19T17:48:30 IST" name="uploadingAnyFile" finished-at="2023-07-19T17:48:35 IST" duration-ms="5477" status="PASS">
          <reporter-output>
          </reporter-output>
        </test-method> <!-- uploadingAnyFile -->
      </class> <!-- TestCases.herokuapp -->
    </test> <!-- Test -->
  </suite> <!-- Suite -->
</testng-results>
